<?xml version="1.0" encoding="UTF-8"?>
<testng-results skipped="0" failed="0" ignored="0" total="1" passed="1">
  <reporter-output>
  </reporter-output>
  <suite name="Default suite" duration-ms="39274" started-at="2020-08-18T11:19:25 IST" finished-at="2020-08-18T11:20:04 IST">
    <groups>
    </groups>
    <test name="Default test" duration-ms="39274" started-at="2020-08-18T11:19:25 IST" finished-at="2020-08-18T11:20:04 IST">
      <class name="testApplications.TC_ZEE5">
        <test-method status="PASS" signature="LaunchVootTV()[pri:0, instance:testApplications.TC_ZEE5@17579e0f]" name="LaunchVootTV" duration-ms="39240" started-at="2020-08-18T11:19:25 IST" finished-at="2020-08-18T11:20:04 IST">
          <reporter-output>
          </reporter-output>
        </test-method> <!-- LaunchVootTV -->
      </class> <!-- testApplications.TC_ZEE5 -->
    </test> <!-- Default test -->
  </suite> <!-- Default suite -->
</testng-results>
