<?xml version="1.0" encoding="UTF-8"?>
<!-- Generated by org.testng.reporters.JUnitXMLReporter -->
<testsuite hostname="LAPTOP-72VUACFQ" ignored="0" name="OneHourExecution" tests="4" failures="2" timestamp="2020-08-13T17:19:20 IST" time="2751.49" errors="0">
  <testcase name="automateHotstar" time="1081.5" classname="testApplications.TC_Hotstar"/>
  <testcase name="automateJioCinema" time="854.785" classname="testApplications.TC_JioCinema"/>
  <testcase name="LaunchNews18" time="720.935" classname="testApplications.TC_News18">
    <failure type="java.lang.IndexOutOfBoundsException" message="Index: 4, Size: 0">
      <![CDATA[java.lang.IndexOutOfBoundsException: Index: 4, Size: 0
at java.util.ArrayList.rangeCheck(Unknown Source)
at java.util.ArrayList.get(Unknown Source)
at io.appium.java_client.pagefactory.ElementListInterceptor.getObject(ElementListInterceptor.java:40)
at io.appium.java_client.pagefactory.interceptors.InterceptorOfAListOfElements.intercept(InterceptorOfAListOfElements.java:49)
at $java.util.ArrayList$$EnhancerByCGLIB$$3b93e4f.get(<generated>)
at testApplications.TC_News18.LaunchNews18(TC_News18.java:144)
at java.util.ArrayList.forEach(Unknown Source)
... Removed 30 stack frames]]>
    </failure>
  </testcase> <!-- LaunchNews18 -->
  <testcase name="LaunchVootTV" time="94.208" classname="testApplications.TC_SonyLIV">
    <failure type="org.openqa.selenium.WebDriverException" message="An unknown server-side error occurred while processing the command. Original error: Could not proxy. Proxy error: Could not proxy command to remote server. Original error: Error: socket hang up
Build info: version: &amp;apos;3.141.59&amp;apos;, revision: &amp;apos;e82be7d358&amp;apos;, time: &amp;apos;2018-11-14T08:25:48&amp;apos;
System info: host: &amp;apos;LAPTOP-72VUACFQ&amp;apos;, ip: &amp;apos;192.168.0.6&amp;apos;, os.name: &amp;apos;Windows 10&amp;apos;, os.arch: &amp;apos;amd64&amp;apos;, os.version: &amp;apos;10.0&amp;apos;, java.version: &amp;apos;1.8.0_211&amp;apos;
Driver info: io.appium.java_client.android.AndroidDriver
Capabilities {appActivity: com.sonyliv.ui.splash.Splas..., appPackage: com.jiotv.sonyliv, automationName: UiAutomator2, databaseEnabled: false, desired: {appActivity: com.sonyliv.ui.splash.Splas..., appPackage: com.jiotv.sonyliv, automationName: UiAutomator2, deviceName: JHSD200, platformName: android}, deviceApiLevel: 28, deviceManufacturer: Droidlogic, deviceModel: JHSD200, deviceName: 192.168.0.7:5555, deviceScreenDensity: 320, deviceScreenSize: 1920x1080, deviceUDID: 192.168.0.7:5555, javascriptEnabled: true, locationContextEnabled: false, networkConnectionEnabled: true, pixelRatio: 2, platform: LINUX, platformName: Android, platformVersion: 9, statBarHeight: 0, takesScreenshot: true, viewportRect: {height: 1080, left: 0, top: 0, width: 1920}, warnings: {}, webStorageEnabled: false}
Session ID: a0bba251-750b-4fd9-b525-e9577b75020e">
      <![CDATA[org.openqa.selenium.WebDriverException: An unknown server-side error occurred while processing the command. Original error: Could not proxy. Proxy error: Could not proxy command to remote server. Original error: Error: socket hang up
Build info: version: '3.141.59', revision: 'e82be7d358', time: '2018-11-14T08:25:48'
System info: host: 'LAPTOP-72VUACFQ', ip: '192.168.0.6', os.name: 'Windows 10', os.arch: 'amd64', os.version: '10.0', java.version: '1.8.0_211'
Driver info: io.appium.java_client.android.AndroidDriver
Capabilities {appActivity: com.sonyliv.ui.splash.Splas..., appPackage: com.jiotv.sonyliv, automationName: UiAutomator2, databaseEnabled: false, desired: {appActivity: com.sonyliv.ui.splash.Splas..., appPackage: com.jiotv.sonyliv, automationName: UiAutomator2, deviceName: JHSD200, platformName: android}, deviceApiLevel: 28, deviceManufacturer: Droidlogic, deviceModel: JHSD200, deviceName: 192.168.0.7:5555, deviceScreenDensity: 320, deviceScreenSize: 1920x1080, deviceUDID: 192.168.0.7:5555, javascriptEnabled: true, locationContextEnabled: false, networkConnectionEnabled: true, pixelRatio: 2, platform: LINUX, platformName: Android, platformVersion: 9, statBarHeight: 0, takesScreenshot: true, viewportRect: {height: 1080, left: 0, top: 0, width: 1920}, warnings: {}, webStorageEnabled: false}
Session ID: a0bba251-750b-4fd9-b525-e9577b75020e
at org.openqa.selenium.remote.http.W3CHttpResponseCodec.createException(W3CHttpResponseCodec.java:187)
at org.openqa.selenium.remote.http.W3CHttpResponseCodec.decode(W3CHttpResponseCodec.java:122)
at org.openqa.selenium.remote.http.W3CHttpResponseCodec.decode(W3CHttpResponseCodec.java:49)
at org.openqa.selenium.remote.HttpCommandExecutor.execute(HttpCommandExecutor.java:158)
at io.appium.java_client.remote.AppiumCommandExecutor.execute(AppiumCommandExecutor.java:239)
at org.openqa.selenium.remote.RemoteWebDriver.execute(RemoteWebDriver.java:552)
at io.appium.java_client.DefaultGenericMobileDriver.execute(DefaultGenericMobileDriver.java:46)
at io.appium.java_client.AppiumDriver.execute(AppiumDriver.java:1)
at io.appium.java_client.android.AndroidDriver.execute(AndroidDriver.java:1)
at org.openqa.selenium.remote.RemoteWebDriver$RemoteNavigation.back(RemoteWebDriver.java:849)
at testApplications.TC_SonyLIV.LaunchVootTV(TC_SonyLIV.java:33)
at java.util.ArrayList.forEach(Unknown Source)
... Removed 31 stack frames]]>
    </failure>
  </testcase> <!-- LaunchVootTV -->
</testsuite> <!-- OneHourExecution -->
