<?xml version="1.0" encoding="UTF-8"?>
<!-- Generated by org.testng.reporters.JUnitXMLReporter -->
<testsuite hostname="LAPTOP-72VUACFQ" ignored="0" name="SecondHourExecution" tests="5" failures="3" timestamp="2020-08-13T16:29:01 IST" time="3444.236" errors="0">
  <testcase name="automateJioCinema" time="858.317" classname="testApplications.TC_JioCinema"/>
  <testcase name="automateHotstar" time="617.209" classname="testApplications.TC_Hotstar">
    <failure type="org.openqa.selenium.NoSuchElementException" message="An element could not be located on the page using the given search parameters.
For documentation on this error, please visit: https://www.seleniumhq.org/exceptions/no_such_element.html
Build info: version: &amp;apos;3.141.59&amp;apos;, revision: &amp;apos;e82be7d358&amp;apos;, time: &amp;apos;2018-11-14T08:25:48&amp;apos;
System info: host: &amp;apos;LAPTOP-72VUACFQ&amp;apos;, ip: &amp;apos;192.168.0.6&amp;apos;, os.name: &amp;apos;Windows 10&amp;apos;, os.arch: &amp;apos;amd64&amp;apos;, os.version: &amp;apos;10.0&amp;apos;, java.version: &amp;apos;1.8.0_211&amp;apos;
Driver info: io.appium.java_client.android.AndroidDriver
Capabilities {appActivity: .ui.splash.TVSplashActivity, appPackage: in.startv.hotstar, automationName: UiAutomator2, databaseEnabled: false, desired: {appActivity: .ui.splash.TVSplashActivity, appPackage: in.startv.hotstar, automationName: UiAutomator2, deviceName: JHSD200, platformName: android}, deviceApiLevel: 28, deviceManufacturer: Droidlogic, deviceModel: JHSD200, deviceName: 192.168.0.7:5555, deviceScreenDensity: 320, deviceScreenSize: 1920x1080, deviceUDID: 192.168.0.7:5555, javascriptEnabled: true, locationContextEnabled: false, networkConnectionEnabled: true, pixelRatio: 2, platform: LINUX, platformName: Android, platformVersion: 9, statBarHeight: 0, takesScreenshot: true, viewportRect: {height: 1080, left: 0, top: 0, width: 1920}, warnings: {}, webStorageEnabled: false}
Session ID: 09136d85-b025-4e0b-b774-d0832b835583
*** Element info: {Using=-android uiautomator, value=new UiScrollable(new UiSelector().scrollable(true).instance(1)).scrollIntoView(new UiSelector().textContains(&amp;quot;Specials &amp;amp; Latest Movies&amp;quot;).instance(0))}">
      <![CDATA[org.openqa.selenium.NoSuchElementException: An element could not be located on the page using the given search parameters.
For documentation on this error, please visit: https://www.seleniumhq.org/exceptions/no_such_element.html
Build info: version: '3.141.59', revision: 'e82be7d358', time: '2018-11-14T08:25:48'
System info: host: 'LAPTOP-72VUACFQ', ip: '192.168.0.6', os.name: 'Windows 10', os.arch: 'amd64', os.version: '10.0', java.version: '1.8.0_211'
Driver info: io.appium.java_client.android.AndroidDriver
Capabilities {appActivity: .ui.splash.TVSplashActivity, appPackage: in.startv.hotstar, automationName: UiAutomator2, databaseEnabled: false, desired: {appActivity: .ui.splash.TVSplashActivity, appPackage: in.startv.hotstar, automationName: UiAutomator2, deviceName: JHSD200, platformName: android}, deviceApiLevel: 28, deviceManufacturer: Droidlogic, deviceModel: JHSD200, deviceName: 192.168.0.7:5555, deviceScreenDensity: 320, deviceScreenSize: 1920x1080, deviceUDID: 192.168.0.7:5555, javascriptEnabled: true, locationContextEnabled: false, networkConnectionEnabled: true, pixelRatio: 2, platform: LINUX, platformName: Android, platformVersion: 9, statBarHeight: 0, takesScreenshot: true, viewportRect: {height: 1080, left: 0, top: 0, width: 1920}, warnings: {}, webStorageEnabled: false}
Session ID: 09136d85-b025-4e0b-b774-d0832b835583
*** Element info: {Using=-android uiautomator, value=new UiScrollable(new UiSelector().scrollable(true).instance(1)).scrollIntoView(new UiSelector().textContains("Specials & Latest Movies").instance(0))}
at org.openqa.selenium.remote.http.W3CHttpResponseCodec.createException(W3CHttpResponseCodec.java:187)
at org.openqa.selenium.remote.http.W3CHttpResponseCodec.decode(W3CHttpResponseCodec.java:122)
at org.openqa.selenium.remote.http.W3CHttpResponseCodec.decode(W3CHttpResponseCodec.java:49)
at org.openqa.selenium.remote.HttpCommandExecutor.execute(HttpCommandExecutor.java:158)
at io.appium.java_client.remote.AppiumCommandExecutor.execute(AppiumCommandExecutor.java:239)
at org.openqa.selenium.remote.RemoteWebDriver.execute(RemoteWebDriver.java:552)
at io.appium.java_client.DefaultGenericMobileDriver.execute(DefaultGenericMobileDriver.java:42)
at io.appium.java_client.AppiumDriver.execute(AppiumDriver.java:1)
at io.appium.java_client.android.AndroidDriver.execute(AndroidDriver.java:1)
at org.openqa.selenium.remote.RemoteWebDriver.findElement(RemoteWebDriver.java:323)
at io.appium.java_client.DefaultGenericMobileDriver.findElement(DefaultGenericMobileDriver.java:62)
at io.appium.java_client.AppiumDriver.findElement(AppiumDriver.java:1)
at io.appium.java_client.android.AndroidDriver.findElement(AndroidDriver.java:1)
at io.appium.java_client.FindsByAndroidUIAutomator.findElementByAndroidUIAutomator(FindsByAndroidUIAutomator.java:38)
at testApplications.TC_Hotstar.automateHotstar(TC_Hotstar.java:25)
at java.util.ArrayList.forEach(Unknown Source)
... Removed 31 stack frames]]>
    </failure>
  </testcase> <!-- automateHotstar -->
  <testcase name="LaunchNews18" time="337.147" classname="testApplications.TC_News18">
    <failure type="java.lang.IndexOutOfBoundsException" message="Index: 3, Size: 0">
      <![CDATA[java.lang.IndexOutOfBoundsException: Index: 3, Size: 0
at java.util.ArrayList.rangeCheck(Unknown Source)
at java.util.ArrayList.get(Unknown Source)
at io.appium.java_client.pagefactory.ElementListInterceptor.getObject(ElementListInterceptor.java:40)
at io.appium.java_client.pagefactory.interceptors.InterceptorOfAListOfElements.intercept(InterceptorOfAListOfElements.java:49)
at $java.util.ArrayList$$EnhancerByCGLIB$$6a70598d.get(<generated>)
at testApplications.TC_News18.LaunchNews18(TC_News18.java:72)
at java.util.ArrayList.forEach(Unknown Source)
... Removed 30 stack frames]]>
    </failure>
  </testcase> <!-- LaunchNews18 -->
  <testcase name="LaunchVootTV" time="60.691" classname="testApplications.TC_VootTV">
    <failure type="org.openqa.selenium.WebDriverException" message="An unknown server-side error occurred while processing the command. Original error: Could not proxy command to remote server. Original error: Error: socket hang up
Build info: version: &amp;apos;3.141.59&amp;apos;, revision: &amp;apos;e82be7d358&amp;apos;, time: &amp;apos;2018-11-14T08:25:48&amp;apos;
System info: host: &amp;apos;LAPTOP-72VUACFQ&amp;apos;, ip: &amp;apos;192.168.0.6&amp;apos;, os.name: &amp;apos;Windows 10&amp;apos;, os.arch: &amp;apos;amd64&amp;apos;, os.version: &amp;apos;10.0&amp;apos;, java.version: &amp;apos;1.8.0_211&amp;apos;
Driver info: io.appium.java_client.android.AndroidDriver
Capabilities {appActivity: com.viacom18.voottv.ui.spla..., appPackage: com.viacom18.tv.voot, automationName: UiAutomator2, databaseEnabled: false, desired: {appActivity: com.viacom18.voottv.ui.spla..., appPackage: com.viacom18.tv.voot, automationName: UiAutomator2, deviceName: JHSD200, platformName: android}, deviceApiLevel: 28, deviceManufacturer: Droidlogic, deviceModel: JHSD200, deviceName: 192.168.0.7:5555, deviceScreenDensity: 320, deviceScreenSize: 1920x1080, deviceUDID: 192.168.0.7:5555, javascriptEnabled: true, locationContextEnabled: false, networkConnectionEnabled: true, pixelRatio: 2, platform: LINUX, platformName: Android, platformVersion: 9, statBarHeight: 0, takesScreenshot: true, viewportRect: {height: 1080, left: 0, top: 0, width: 1920}, warnings: {}, webStorageEnabled: false}
Session ID: 1fc03555-88fe-45b3-8852-45436daca5e2
*** Element info: {Using=-android uiautomator, value=new UiScrollable(new UiSelector().scrollable(true).instance(1)).scrollIntoView(new UiSelector().textContains(&amp;quot;Voot Vault&amp;quot;).instance(0))}">
      <![CDATA[org.openqa.selenium.WebDriverException: An unknown server-side error occurred while processing the command. Original error: Could not proxy command to remote server. Original error: Error: socket hang up
Build info: version: '3.141.59', revision: 'e82be7d358', time: '2018-11-14T08:25:48'
System info: host: 'LAPTOP-72VUACFQ', ip: '192.168.0.6', os.name: 'Windows 10', os.arch: 'amd64', os.version: '10.0', java.version: '1.8.0_211'
Driver info: io.appium.java_client.android.AndroidDriver
Capabilities {appActivity: com.viacom18.voottv.ui.spla..., appPackage: com.viacom18.tv.voot, automationName: UiAutomator2, databaseEnabled: false, desired: {appActivity: com.viacom18.voottv.ui.spla..., appPackage: com.viacom18.tv.voot, automationName: UiAutomator2, deviceName: JHSD200, platformName: android}, deviceApiLevel: 28, deviceManufacturer: Droidlogic, deviceModel: JHSD200, deviceName: 192.168.0.7:5555, deviceScreenDensity: 320, deviceScreenSize: 1920x1080, deviceUDID: 192.168.0.7:5555, javascriptEnabled: true, locationContextEnabled: false, networkConnectionEnabled: true, pixelRatio: 2, platform: LINUX, platformName: Android, platformVersion: 9, statBarHeight: 0, takesScreenshot: true, viewportRect: {height: 1080, left: 0, top: 0, width: 1920}, warnings: {}, webStorageEnabled: false}
Session ID: 1fc03555-88fe-45b3-8852-45436daca5e2
*** Element info: {Using=-android uiautomator, value=new UiScrollable(new UiSelector().scrollable(true).instance(1)).scrollIntoView(new UiSelector().textContains("Voot Vault").instance(0))}
at org.openqa.selenium.remote.http.W3CHttpResponseCodec.createException(W3CHttpResponseCodec.java:187)
at org.openqa.selenium.remote.http.W3CHttpResponseCodec.decode(W3CHttpResponseCodec.java:122)
at org.openqa.selenium.remote.http.W3CHttpResponseCodec.decode(W3CHttpResponseCodec.java:49)
at org.openqa.selenium.remote.HttpCommandExecutor.execute(HttpCommandExecutor.java:158)
at io.appium.java_client.remote.AppiumCommandExecutor.execute(AppiumCommandExecutor.java:239)
at org.openqa.selenium.remote.RemoteWebDriver.execute(RemoteWebDriver.java:552)
at io.appium.java_client.DefaultGenericMobileDriver.execute(DefaultGenericMobileDriver.java:42)
at io.appium.java_client.AppiumDriver.execute(AppiumDriver.java:1)
at io.appium.java_client.android.AndroidDriver.execute(AndroidDriver.java:1)
at org.openqa.selenium.remote.RemoteWebDriver.findElement(RemoteWebDriver.java:323)
at io.appium.java_client.DefaultGenericMobileDriver.findElement(DefaultGenericMobileDriver.java:62)
at io.appium.java_client.AppiumDriver.findElement(AppiumDriver.java:1)
at io.appium.java_client.android.AndroidDriver.findElement(AndroidDriver.java:1)
at io.appium.java_client.FindsByAndroidUIAutomator.findElementByAndroidUIAutomator(FindsByAndroidUIAutomator.java:38)
at testApplications.TC_VootTV.LaunchVootTV(TC_VootTV.java:27)
at java.util.ArrayList.forEach(Unknown Source)
... Removed 31 stack frames]]>
    </failure>
  </testcase> <!-- LaunchVootTV -->
  <testcase name="LaunchVootTV" time="1570.842" classname="testApplications.TC_SonyLIV"/>
</testsuite> <!-- SecondHourExecution -->
