<?xml version="1.0" encoding="UTF-8"?>
<!-- Generated by org.testng.reporters.JUnitXMLReporter -->
<testsuite hostname="LAPTOP-72VUACFQ" ignored="0" name="Test1" tests="5" failures="0" timestamp="2020-07-17T13:28:23 IST" time="4467.297" errors="0">
  <testcase name="automateJioCinema" time="864.315" classname="testApplications.TC_JioCinema"/>
  <testcase name="automateHotstar" time="480.808" classname="testApplications.TC_Hotstar"/>
  <testcase name="LaunchNews18" time="805.464" classname="testApplications.TC_News18"/>
  <testcase name="LaunchVootTV" time="848.112" classname="testApplications.TC_VootTV"/>
  <testcase name="LaunchVootTV" time="1468.509" classname="testApplications.TC_SonyLIV"/>
</testsuite> <!-- Test1 -->
